kotlin version: 2.0.21
error message: org.jetbrains.kotlin.backend.common.BackendException: Backend Internal error: Exception during IR lowering
File being compiled: C:/Users/pedroisaacretamaldot/AndroidStudioProjects/Tecnologias_moviles/app/src/main/java/com/example/myapplication/ui/dashboard/DashboardFragment.kt
The root cause java.lang.RuntimeException was thrown at: org.jetbrains.kotlin.backend.jvm.codegen.FunctionCodegen.generate(FunctionCodegen.kt:47)
	at org.jetbrains.kotlin.backend.common.CodegenUtil.reportBackendException(CodegenUtil.kt:253)
	at org.jetbrains.kotlin.backend.common.CodegenUtil.reportBackendException$default(CodegenUtil.kt:236)
	at org.jetbrains.kotlin.backend.common.phaser.PerformByIrFilePhase.invokeSequential(performByIrFile.kt:65)
	at org.jetbrains.kotlin.backend.common.phaser.PerformByIrFilePhase.invoke(performByIrFile.kt:52)
	at org.jetbrains.kotlin.backend.common.phaser.PerformByIrFilePhase.invoke(performByIrFile.kt:38)
	at org.jetbrains.kotlin.backend.common.phaser.NamedCompilerPhase.phaseBody(CompilerPhase.kt:166)
	at org.jetbrains.kotlin.backend.common.phaser.AbstractNamedCompilerPhase.invoke(CompilerPhase.kt:113)
	at org.jetbrains.kotlin.backend.common.phaser.CompositePhase.invoke(PhaseBuilders.kt:27)
	at org.jetbrains.kotlin.backend.common.phaser.CompositePhase.invoke(PhaseBuilders.kt:14)
	at org.jetbrains.kotlin.backend.common.phaser.NamedCompilerPhase.phaseBody(CompilerPhase.kt:166)
	at org.jetbrains.kotlin.backend.common.phaser.AbstractNamedCompilerPhase.invoke(CompilerPhase.kt:113)
	at org.jetbrains.kotlin.backend.common.phaser.CompilerPhaseKt.invokeToplevel(CompilerPhase.kt:62)
	at org.jetbrains.kotlin.backend.jvm.JvmIrCodegenFactory.invokeCodegen(JvmIrCodegenFactory.kt:371)
	at org.jetbrains.kotlin.codegen.CodegenFactory.generateModule(CodegenFactory.kt:47)
	at org.jetbrains.kotlin.backend.jvm.JvmIrCodegenFactory.generateModuleInFrontendIRMode(JvmIrCodegenFactory.kt:433)
	at org.jetbrains.kotlin.cli.jvm.compiler.pipeline.JvmCompilerPipelineKt.generateCodeFromIr(jvmCompilerPipeline.kt:246)
	at org.jetbrains.kotlin.cli.jvm.compiler.pipeline.JvmCompilerPipelineKt.compileModulesUsingFrontendIrAndLightTree(jvmCompilerPipeline.kt:142)
	at org.jetbrains.kotlin.cli.jvm.K2JVMCompiler.doExecute(K2JVMCompiler.kt:148)
	at org.jetbrains.kotlin.cli.jvm.K2JVMCompiler.doExecute(K2JVMCompiler.kt:43)
	at org.jetbrains.kotlin.cli.common.CLICompiler.execImpl(CLICompiler.kt:103)
	at org.jetbrains.kotlin.cli.common.CLICompiler.execImpl(CLICompiler.kt:49)
	at org.jetbrains.kotlin.cli.common.CLITool.exec(CLITool.kt:101)
	at org.jetbrains.kotlin.incremental.IncrementalJvmCompilerRunner.runCompiler(IncrementalJvmCompilerRunner.kt:464)
	at org.jetbrains.kotlin.incremental.IncrementalJvmCompilerRunner.runCompiler(IncrementalJvmCompilerRunner.kt:73)
	at org.jetbrains.kotlin.incremental.IncrementalCompilerRunner.doCompile(IncrementalCompilerRunner.kt:506)
	at org.jetbrains.kotlin.incremental.IncrementalCompilerRunner.compileImpl(IncrementalCompilerRunner.kt:423)
	at org.jetbrains.kotlin.incremental.IncrementalCompilerRunner.tryCompileIncrementally$lambda$9$compile(IncrementalCompilerRunner.kt:249)
	at org.jetbrains.kotlin.incremental.IncrementalCompilerRunner.tryCompileIncrementally(IncrementalCompilerRunner.kt:267)
	at org.jetbrains.kotlin.incremental.IncrementalCompilerRunner.compile(IncrementalCompilerRunner.kt:120)
	at org.jetbrains.kotlin.daemon.CompileServiceImplBase.execIncrementalCompiler(CompileServiceImpl.kt:675)
	at org.jetbrains.kotlin.daemon.CompileServiceImplBase.access$execIncrementalCompiler(CompileServiceImpl.kt:92)
	at org.jetbrains.kotlin.daemon.CompileServiceImpl.compile(CompileServiceImpl.kt:1660)
	at java.base/jdk.internal.reflect.DirectMethodHandleAccessor.invoke(Unknown Source)
	at java.base/java.lang.reflect.Method.invoke(Unknown Source)
	at java.rmi/sun.rmi.server.UnicastServerRef.dispatch(Unknown Source)
	at java.rmi/sun.rmi.transport.Transport$1.run(Unknown Source)
	at java.rmi/sun.rmi.transport.Transport$1.run(Unknown Source)
	at java.base/java.security.AccessController.doPrivileged(Unknown Source)
	at java.rmi/sun.rmi.transport.Transport.serviceCall(Unknown Source)
	at java.rmi/sun.rmi.transport.tcp.TCPTransport.handleMessages(Unknown Source)
	at java.rmi/sun.rmi.transport.tcp.TCPTransport$ConnectionHandler.run0(Unknown Source)
	at java.rmi/sun.rmi.transport.tcp.TCPTransport$ConnectionHandler.lambda$run$0(Unknown Source)
	at java.base/java.security.AccessController.doPrivileged(Unknown Source)
	at java.rmi/sun.rmi.transport.tcp.TCPTransport$ConnectionHandler.run(Unknown Source)
	at java.base/java.util.concurrent.ThreadPoolExecutor.runWorker(Unknown Source)
	at java.base/java.util.concurrent.ThreadPoolExecutor$Worker.run(Unknown Source)
	at java.base/java.lang.Thread.run(Unknown Source)
Caused by: java.lang.RuntimeException: Exception while generating code for:
FUN name:setupRutasList visibility:private modality:FINAL <> ($this:com.example.myapplication.ui.dashboard.DashboardFragment, rutas:kotlin.collections.List<com.example.myapplication.ui.dashboard.Ruta>) returnType:kotlin.Unit
  $this: VALUE_PARAMETER name:<this> type:com.example.myapplication.ui.dashboard.DashboardFragment
  VALUE_PARAMETER name:rutas index:0 type:kotlin.collections.List<com.example.myapplication.ui.dashboard.Ruta>
  BLOCK_BODY
    VAR name:layoutRutas type:android.widget.LinearLayout [val]
      BLOCK type=android.widget.LinearLayout origin=null
        VAR IR_TEMPORARY_VARIABLE name:tmp0 type:kotlin.Any? [val]
          GET_FIELD 'FIELD IR_EXTERNAL_JAVA_DECLARATION_STUB name:layoutRutas type:@[EnhancedNullability] android.widget.LinearLayout visibility:public [final] declared in com.example.myapplication.databinding.FragmentDashboardBinding' type=@[EnhancedNullability] android.widget.LinearLayout superQualifierSymbol=com.example.myapplication.databinding.FragmentDashboardBinding origin=null
            receiver: CALL 'private final fun <get-binding> (): com.example.myapplication.databinding.FragmentDashboardBinding declared in com.example.myapplication.ui.dashboard.DashboardFragment' type=com.example.myapplication.databinding.FragmentDashboardBinding origin=GET_PROPERTY
              $this: GET_VAR '<this>: com.example.myapplication.ui.dashboard.DashboardFragment declared in com.example.myapplication.ui.dashboard.DashboardFragment.setupRutasList' type=com.example.myapplication.ui.dashboard.DashboardFragment origin=null
        CALL 'public final fun checkNotNullExpressionValue (value: kotlin.Any?, expression: kotlin.String): kotlin.Unit declared in kotlin.jvm.internal.Intrinsics' type=kotlin.Unit origin=null
          value: GET_VAR 'val tmp0: kotlin.Any? [val] declared in com.example.myapplication.ui.dashboard.DashboardFragment.setupRutasList' type=kotlin.Any? origin=null
          expression: CONST String type=kotlin.String value="layoutRutas"
        GET_VAR 'val tmp0: kotlin.Any? [val] declared in com.example.myapplication.ui.dashboard.DashboardFragment.setupRutasList' type=kotlin.Any? origin=null
    CALL 'public open fun removeAllViews (): kotlin.Unit [fake_override] declared in android.widget.LinearLayout' type=kotlin.Unit origin=null
      $this: GET_VAR 'val layoutRutas: android.widget.LinearLayout [val] declared in com.example.myapplication.ui.dashboard.DashboardFragment.setupRutasList' type=android.widget.LinearLayout origin=null
    CALL 'public final fun forEach <T> (action: kotlin.Function1<T of kotlin.collections.CollectionsKt.forEach, kotlin.Unit>): kotlin.Unit [inline] declared in kotlin.collections.CollectionsKt' type=kotlin.Unit origin=null
      <T>: com.example.myapplication.ui.dashboard.Ruta
      $receiver: GET_VAR 'rutas: kotlin.collections.List<com.example.myapplication.ui.dashboard.Ruta> declared in com.example.myapplication.ui.dashboard.DashboardFragment.setupRutasList' type=kotlin.collections.List<com.example.myapplication.ui.dashboard.Ruta> origin=null
      action: BLOCK type=kotlin.Function1<com.example.myapplication.ui.dashboard.Ruta, kotlin.Unit> origin=LAMBDA
        COMPOSITE type=kotlin.Unit origin=null
        FUNCTION_REFERENCE 'private final fun setupRutasList$lambda$13 (this$0: com.example.myapplication.ui.dashboard.DashboardFragment, $layoutRutas: android.widget.LinearLayout, ruta: com.example.myapplication.ui.dashboard.Ruta): kotlin.Unit declared in com.example.myapplication.ui.dashboard.DashboardFragment' type=kotlin.Function1<com.example.myapplication.ui.dashboard.Ruta, kotlin.Unit> origin=INLINE_LAMBDA reflectionTarget=null
          this$0: GET_VAR '<this>: com.example.myapplication.ui.dashboard.DashboardFragment declared in com.example.myapplication.ui.dashboard.DashboardFragment.setupRutasList' type=com.example.myapplication.ui.dashboard.DashboardFragment origin=null
          $layoutRutas: GET_VAR 'val layoutRutas: android.widget.LinearLayout [val] declared in com.example.myapplication.ui.dashboard.DashboardFragment.setupRutasList' type=android.widget.LinearLayout origin=null

	at org.jetbrains.kotlin.backend.jvm.codegen.FunctionCodegen.generate(FunctionCodegen.kt:47)
	at org.jetbrains.kotlin.backend.jvm.codegen.FunctionCodegen.generate$default(FunctionCodegen.kt:40)
	at org.jetbrains.kotlin.backend.jvm.codegen.ClassCodegen.generateMethodNode(ClassCodegen.kt:406)
	at org.jetbrains.kotlin.backend.jvm.codegen.ClassCodegen.generateMethod(ClassCodegen.kt:423)
	at org.jetbrains.kotlin.backend.jvm.codegen.ClassCodegen.generate(ClassCodegen.kt:168)
	at org.jetbrains.kotlin.backend.jvm.FileCodegen.lower(JvmPhases.kt:39)
	at org.jetbrains.kotlin.backend.common.phaser.PhaseFactoriesKt.createFilePhase$lambda$4(PhaseFactories.kt:71)
	at org.jetbrains.kotlin.backend.common.phaser.PhaseBuildersKt$createSimpleNamedCompilerPhase$1.phaseBody(PhaseBuilders.kt:69)
	at org.jetbrains.kotlin.backend.common.phaser.SimpleNamedCompilerPhase.phaseBody(CompilerPhase.kt:226)
	at org.jetbrains.kotlin.backend.common.phaser.AbstractNamedCompilerPhase.invoke(CompilerPhase.kt:113)
	at org.jetbrains.kotlin.backend.common.phaser.PerformByIrFilePhase.invokeSequential(performByIrFile.kt:62)
	... 44 more
Caused by: java.lang.RuntimeException: Exception while generating code for:
FUN INLINE_LAMBDA name:setupRutasList$lambda$13 visibility:private modality:FINAL <> (this$0:com.example.myapplication.ui.dashboard.DashboardFragment, $layoutRutas:android.widget.LinearLayout, ruta:com.example.myapplication.ui.dashboard.Ruta) returnType:kotlin.Unit
  VALUE_PARAMETER BOUND_VALUE_PARAMETER name:this$0 index:0 type:com.example.myapplication.ui.dashboard.DashboardFragment
  VALUE_PARAMETER BOUND_VALUE_PARAMETER name:$layoutRutas index:1 type:android.widget.LinearLayout
  VALUE_PARAMETER name:ruta index:2 type:com.example.myapplication.ui.dashboard.Ruta
  BLOCK_BODY
    VAR name:$i$a$-forEach-DashboardFragment$setupRutasList$1 type:kotlin.Int [val]
      CONST Int type=kotlin.Int value=0
    VAR name:rutaLayout type:android.widget.LinearLayout [val]
      CALL 'public final fun apply <T> (block: @[ExtensionFunctionType] kotlin.Function1<T of kotlin.StandardKt.apply, kotlin.Unit>): T of kotlin.StandardKt.apply [inline] declared in kotlin.StandardKt' type=android.widget.LinearLayout origin=null
        <T>: android.widget.LinearLayout
        $receiver: CONSTRUCTOR_CALL 'public constructor <init> (p0: @[FlexibleNullability] android.content.Context?) declared in android.widget.LinearLayout' type=android.widget.LinearLayout origin=null
          p0: CALL 'public final fun requireContext (): @[EnhancedNullability] android.content.Context [fake_override] declared in com.example.myapplication.ui.dashboard.DashboardFragment' type=@[EnhancedNullability] android.content.Context origin=null
            $this: GET_VAR 'this$0: com.example.myapplication.ui.dashboard.DashboardFragment declared in com.example.myapplication.ui.dashboard.DashboardFragment.setupRutasList$lambda$13' type=com.example.myapplication.ui.dashboard.DashboardFragment origin=null
        block: BLOCK type=@[ExtensionFunctionType] kotlin.Function1<android.widget.LinearLayout, kotlin.Unit> origin=LAMBDA
          COMPOSITE type=kotlin.Unit origin=null
          FUNCTION_REFERENCE 'private final fun setupRutasList$lambda$13$lambda$8 (this$0: com.example.myapplication.ui.dashboard.DashboardFragment): kotlin.Unit declared in com.example.myapplication.ui.dashboard.DashboardFragment' type=@[ExtensionFunctionType] kotlin.Function1<android.widget.LinearLayout, kotlin.Unit> origin=INLINE_LAMBDA reflectionTarget=null
            this$0: GET_VAR 'this$0: com.example.myapplication.ui.dashboard.DashboardFragment declared in com.example.myapplication.ui.dashboard.DashboardFragment.setupRutasList$lambda$13' type=com.example.myapplication.ui.dashboard.DashboardFragment origin=null
    VAR name:filaSuperior type:android.widget.LinearLayout [val]
      CALL 'public final fun apply <T> (block: @[ExtensionFunctionType] kotlin.Function1<T of kotlin.StandardKt.apply, kotlin.Unit>): T of kotlin.StandardKt.apply [inline] declared in kotlin.StandardKt' type=android.widget.LinearLayout origin=null
        <T>: android.widget.LinearLayout
        $receiver: CONSTRUCTOR_CALL 'public constructor <init> (p0: @[FlexibleNullability] android.content.Context?) declared in android.widget.LinearLayout' type=android.widget.LinearLayout origin=null
          p0: CALL 'public final fun requireContext (): @[EnhancedNullability] android.content.Context [fake_override] declared in com.example.myapplication.ui.dashboard.DashboardFragment' type=@[EnhancedNullability] android.content.Context origin=null
            $this: GET_VAR 'this$0: com.example.myapplication.ui.dashboard.DashboardFragment declared in com.example.myapplication.ui.dashboard.DashboardFragment.setupRutasList$lambda$13' type=com.example.myapplication.ui.dashboard.DashboardFragment origin=null
        block: BLOCK type=@[ExtensionFunctionType] kotlin.Function1<android.widget.LinearLayout, kotlin.Unit> origin=LAMBDA
          COMPOSITE type=kotlin.Unit origin=null
          FUNCTION_REFERENCE 'private final fun setupRutasList$lambda$13$lambda$9 (): kotlin.Unit declared in com.example.myapplication.ui.dashboard.DashboardFragment' type=@[ExtensionFunctionType] kotlin.Function1<android.widget.LinearLayout, kotlin.Unit> origin=INLINE_LAMBDA reflectionTarget=null
    VAR name:tituloTextView type:android.widget.TextView [val]
      CALL 'public final fun apply <T> (block: @[ExtensionFunctionType] kotlin.Function1<T of kotlin.StandardKt.apply, kotlin.Unit>): T of kotlin.StandardKt.apply [inline] declared in kotlin.StandardKt' type=android.widget.TextView origin=null
        <T>: android.widget.TextView
        $receiver: CONSTRUCTOR_CALL 'public constructor <init> (p0: @[FlexibleNullability] android.content.Context?) declared in android.widget.TextView' type=android.widget.TextView origin=null
          p0: CALL 'public final fun requireContext (): @[EnhancedNullability] android.content.Context [fake_override] declared in com.example.myapplication.ui.dashboard.DashboardFragment' type=@[EnhancedNullability] android.content.Context origin=null
            $this: GET_VAR 'this$0: com.example.myapplication.ui.dashboard.DashboardFragment declared in com.example.myapplication.ui.dashboard.DashboardFragment.setupRutasList$lambda$13' type=com.example.myapplication.ui.dashboard.DashboardFragment origin=null
        block: BLOCK type=@[ExtensionFunctionType] kotlin.Function1<android.widget.TextView, kotlin.Unit> origin=LAMBDA
          COMPOSITE type=kotlin.Unit origin=null
          FUNCTION_REFERENCE 'private final fun setupRutasList$lambda$13$lambda$10 ($ruta: com.example.myapplication.ui.dashboard.Ruta): kotlin.Unit declared in com.example.myapplication.ui.dashboard.DashboardFragment' type=@[ExtensionFunctionType] kotlin.Function1<android.widget.TextView, kotlin.Unit> origin=INLINE_LAMBDA reflectionTarget=null
            $ruta: GET_VAR 'ruta: com.example.myapplication.ui.dashboard.Ruta declared in com.example.myapplication.ui.dashboard.DashboardFragment.setupRutasList$lambda$13' type=com.example.myapplication.ui.dashboard.Ruta origin=null
    VAR name:duracionTextView type:android.widget.TextView [val]
      CALL 'public final fun apply <T> (block: @[ExtensionFunctionType] kotlin.Function1<T of kotlin.StandardKt.apply, kotlin.Unit>): T of kotlin.StandardKt.apply [inline] declared in kotlin.StandardKt' type=android.widget.TextView origin=null
        <T>: android.widget.TextView
        $receiver: CONSTRUCTOR_CALL 'public constructor <init> (p0: @[FlexibleNullability] android.content.Context?) declared in android.widget.TextView' type=android.widget.TextView origin=null
          p0: CALL 'public final fun requireContext (): @[EnhancedNullability] android.content.Context [fake_override] declared in com.example.myapplication.ui.dashboard.DashboardFragment' type=@[EnhancedNullability] android.content.Context origin=null
            $this: GET_VAR 'this$0: com.example.myapplication.ui.dashboard.DashboardFragment declared in com.example.myapplication.ui.dashboard.DashboardFragment.setupRutasList$lambda$13' type=com.example.myapplication.ui.dashboard.DashboardFragment origin=null
        block: BLOCK type=@[ExtensionFunctionType] kotlin.Function1<android.widget.TextView, kotlin.Unit> origin=LAMBDA
          COMPOSITE type=kotlin.Unit origin=null
          FUNCTION_REFERENCE 'private final fun setupRutasList$lambda$13$lambda$11 ($ruta: com.example.myapplication.ui.dashboard.Ruta): kotlin.Unit declared in com.example.myapplication.ui.dashboard.DashboardFragment' type=@[ExtensionFunctionType] kotlin.Function1<android.widget.TextView, kotlin.Unit> origin=INLINE_LAMBDA reflectionTarget=null
            $ruta: GET_VAR 'ruta: com.example.myapplication.ui.dashboard.Ruta declared in com.example.myapplication.ui.dashboard.DashboardFragment.setupRutasList$lambda$13' type=com.example.myapplication.ui.dashboard.Ruta origin=null
    CALL 'public open fun addView (p0: @[FlexibleNullability] android.view.View?): kotlin.Unit [fake_override] declared in android.widget.LinearLayout' type=kotlin.Unit origin=null
      $this: GET_VAR 'val filaSuperior: android.widget.LinearLayout [val] declared in com.example.myapplication.ui.dashboard.DashboardFragment.setupRutasList$lambda$13' type=android.widget.LinearLayout origin=null
      p0: GET_VAR 'val tituloTextView: android.widget.TextView [val] declared in com.example.myapplication.ui.dashboard.DashboardFragment.setupRutasList$lambda$13' type=android.widget.TextView origin=null
    CALL 'public open fun addView (p0: @[FlexibleNullability] android.view.View?): kotlin.Unit [fake_override] declared in android.widget.LinearLayout' type=kotlin.Unit origin=null
      $this: GET_VAR 'val filaSuperior: android.widget.LinearLayout [val] declared in com.example.myapplication.ui.dashboard.DashboardFragment.setupRutasList$lambda$13' type=android.widget.LinearLayout origin=null
      p0: GET_VAR 'val duracionTextView: android.widget.TextView [val] declared in com.example.myapplication.ui.dashboard.DashboardFragment.setupRutasList$lambda$13' type=android.widget.TextView origin=null
    WHEN type=kotlin.Unit origin=IF
      BRANCH
        if: CALL 'public final fun isNotEmpty (): kotlin.Boolean [inline] declared in kotlin.text.StringsKt' type=kotlin.Boolean origin=null
          $receiver: CALL 'public final fun <get-descripcion> (): kotlin.String declared in com.example.myapplication.ui.dashboard.Ruta' type=kotlin.String origin=GET_PROPERTY
            $this: GET_VAR 'ruta: com.example.myapplication.ui.dashboard.Ruta declared in com.example.myapplication.ui.dashboard.DashboardFragment.setupRutasList$lambda$13' type=com.example.myapplication.ui.dashboard.Ruta origin=null
        then: BLOCK type=kotlin.Unit origin=null
          VAR name:descripcionTextView type:android.widget.TextView [val]
            CALL 'public final fun apply <T> (block: @[ExtensionFunctionType] kotlin.Function1<T of kotlin.StandardKt.apply, kotlin.Unit>): T of kotlin.StandardKt.apply [inline] declared in kotlin.StandardKt' type=android.widget.TextView origin=null
              <T>: android.widget.TextView
              $receiver: CONSTRUCTOR_CALL 'public constructor <init> (p0: @[FlexibleNullability] android.content.Context?) declared in android.widget.TextView' type=android.widget.TextView origin=null
                p0: CALL 'public final fun requireContext (): @[EnhancedNullability] android.content.Context [fake_override] declared in com.example.myapplication.ui.dashboard.DashboardFragment' type=@[EnhancedNullability] android.content.Context origin=null
                  $this: GET_VAR 'this$0: com.example.myapplication.ui.dashboard.DashboardFragment declared in com.example.myapplication.ui.dashboard.DashboardFragment.setupRutasList$lambda$13' type=com.example.myapplication.ui.dashboard.DashboardFragment origin=null
              block: BLOCK type=@[ExtensionFunctionType] kotlin.Function1<android.widget.TextView, kotlin.Unit> origin=LAMBDA
                COMPOSITE type=kotlin.Unit origin=null
                FUNCTION_REFERENCE 'private final fun setupRutasList$lambda$13$lambda$12 ($ruta: com.example.myapplication.ui.dashboard.Ruta, this$0: com.example.myapplication.ui.dashboard.DashboardFragment): kotlin.Unit declared in com.example.myapplication.ui.dashboard.DashboardFragment' type=@[ExtensionFunctionType] kotlin.Function1<android.widget.TextView, kotlin.Unit> origin=INLINE_LAMBDA reflectionTarget=null
                  $ruta: GET_VAR 'ruta: com.example.myapplication.ui.dashboard.Ruta declared in com.example.myapplication.ui.dashboard.DashboardFragment.setupRutasList$lambda$13' type=com.example.myapplication.ui.dashboard.Ruta origin=null
                  this$0: GET_VAR 'this$0: com.example.myapplication.ui.dashboard.DashboardFragment declared in com.example.myapplication.ui.dashboard.DashboardFragment.setupRutasList$lambda$13' type=com.example.myapplication.ui.dashboard.DashboardFragment origin=null
          CALL 'public open fun addView (p0: @[FlexibleNullability] android.view.View?): kotlin.Unit [fake_override] declared in android.widget.LinearLayout' type=kotlin.Unit origin=null
            $this: GET_VAR 'val rutaLayout: android.widget.LinearLayout [val] declared in com.example.myapplication.ui.dashboard.DashboardFragment.setupRutasList$lambda$13' type=android.widget.LinearLayout origin=null
            p0: GET_VAR 'val filaSuperior: android.widget.LinearLayout [val] declared in com.example.myapplication.ui.dashboard.DashboardFragment.setupRutasList$lambda$13' type=android.widget.LinearLayout origin=null
          CALL 'public open fun addView (p0: @[FlexibleNullability] android.view.View?): kotlin.Unit [fake_override] declared in android.widget.LinearLayout' type=kotlin.Unit origin=null
            $this: GET_VAR 'val rutaLayout: android.widget.LinearLayout [val] declared in com.example.myapplication.ui.dashboard.DashboardFragment.setupRutasList$lambda$13' type=android.widget.LinearLayout origin=null
            p0: GET_VAR 'val descripcionTextView: android.widget.TextView [val] declared in com.example.myapplication.ui.dashboard.DashboardFragment.setupRutasList$lambda$13' type=android.widget.TextView origin=null
      BRANCH
        if: CONST Boolean type=kotlin.Boolean value=true
        then: BLOCK type=kotlin.Unit origin=null
          CALL 'public open fun addView (p0: @[FlexibleNullability] android.view.View?): kotlin.Unit [fake_override] declared in android.widget.LinearLayout' type=kotlin.Unit origin=null
            $this: GET_VAR 'val rutaLayout: android.widget.LinearLayout [val] declared in com.example.myapplication.ui.dashboard.DashboardFragment.setupRutasList$lambda$13' type=android.widget.LinearLayout origin=null
            p0: GET_VAR 'val filaSuperior: android.widget.LinearLayout [val] declared in com.example.myapplication.ui.dashboard.DashboardFragment.setupRutasList$lambda$13' type=android.widget.LinearLayout origin=null
    CALL 'public open fun addView (p0: @[FlexibleNullability] android.view.View?): kotlin.Unit [fake_override] declared in android.widget.LinearLayout' type=kotlin.Unit origin=null
      $this: GET_VAR '$layoutRutas: android.widget.LinearLayout declared in com.example.myapplication.ui.dashboard.DashboardFragment.setupRutasList$lambda$13' type=android.widget.LinearLayout origin=null
      p0: GET_VAR 'val rutaLayout: android.widget.LinearLayout [val] declared in com.example.myapplication.ui.dashboard.DashboardFragment.setupRutasList$lambda$13' type=android.widget.LinearLayout origin=null

	at org.jetbrains.kotlin.backend.jvm.codegen.FunctionCodegen.generate(FunctionCodegen.kt:47)
	at org.jetbrains.kotlin.backend.jvm.codegen.IrSourceCompilerForInline.generateLambdaBody(IrSourceCompilerForInline.kt:67)
	at org.jetbrains.kotlin.codegen.inline.ExpressionLambda.generateLambdaBody(LambdaInfo.kt:72)
	at org.jetbrains.kotlin.backend.jvm.codegen.IrInlineCodegen.genValueAndPut(IrInlineCodegen.kt:100)
	at org.jetbrains.kotlin.backend.jvm.codegen.ExpressionCodegen.visitCall$handleParameter(ExpressionCodegen.kt:616)
	at org.jetbrains.kotlin.backend.jvm.codegen.ExpressionCodegen.visitCall(ExpressionCodegen.kt:644)
	at org.jetbrains.kotlin.backend.jvm.codegen.ExpressionCodegen.visitCall(ExpressionCodegen.kt:138)
	at org.jetbrains.kotlin.ir.expressions.IrCall.accept(IrCall.kt:24)
	at org.jetbrains.kotlin.backend.jvm.codegen.ExpressionCodegen.visitStatementContainer(ExpressionCodegen.kt:579)
	at org.jetbrains.kotlin.backend.jvm.codegen.ExpressionCodegen.visitBlockBody(ExpressionCodegen.kt:584)
	at org.jetbrains.kotlin.backend.jvm.codegen.ExpressionCodegen.visitBlockBody(ExpressionCodegen.kt:138)
	at org.jetbrains.kotlin.ir.expressions.IrBlockBody.accept(IrBlockBody.kt:20)
	at org.jetbrains.kotlin.backend.jvm.codegen.ExpressionCodegen.generate(ExpressionCodegen.kt:240)
	at org.jetbrains.kotlin.backend.jvm.codegen.FunctionCodegen.doGenerate(FunctionCodegen.kt:123)
	at org.jetbrains.kotlin.backend.jvm.codegen.FunctionCodegen.generate(FunctionCodegen.kt:44)
	... 54 more
Caused by: java.lang.RuntimeException: Exception while generating code for:
FUN INLINE_LAMBDA name:setupRutasList$lambda$13$lambda$10 visibility:private modality:FINAL <> ($receiver:android.widget.TextView, $ruta:com.example.myapplication.ui.dashboard.Ruta) returnType:kotlin.Unit
  $receiver: VALUE_PARAMETER name:$this$apply type:android.widget.TextView
  VALUE_PARAMETER BOUND_VALUE_PARAMETER name:$ruta index:0 type:com.example.myapplication.ui.dashboard.Ruta
  BLOCK_BODY
    VAR name:$i$a$-apply-DashboardFragment$setupRutasList$1$tituloTextView$1 type:kotlin.Int [val]
      CONST Int type=kotlin.Int value=0
    CALL 'public final fun setText (p0: @[FlexibleNullability] kotlin.CharSequence?): kotlin.Unit declared in android.widget.TextView' type=kotlin.Unit origin=EQ
      $this: GET_VAR '$this$apply: android.widget.TextView declared in com.example.myapplication.ui.dashboard.DashboardFragment.setupRutasList$lambda$13$lambda$10' type=android.widget.TextView origin=null
      p0: CALL 'public final fun <get-titulo> (): kotlin.String declared in com.example.myapplication.ui.dashboard.Ruta' type=kotlin.String origin=GET_PROPERTY
        $this: GET_VAR '$ruta: com.example.myapplication.ui.dashboard.Ruta declared in com.example.myapplication.ui.dashboard.DashboardFragment.setupRutasList$lambda$13$lambda$10' type=com.example.myapplication.ui.dashboard.Ruta origin=null
    CALL 'public open fun setTextSize (p0: kotlin.Float): kotlin.Unit declared in android.widget.TextView' type=kotlin.Unit origin=EQ
      $this: GET_VAR '$this$apply: android.widget.TextView declared in com.example.myapplication.ui.dashboard.DashboardFragment.setupRutasList$lambda$13$lambda$10' type=android.widget.TextView origin=null
      p0: CONST Float type=kotlin.Float value=16.0
    CALL 'public open fun setTextColor (p0: kotlin.Int): kotlin.Unit declared in android.widget.TextView' type=kotlin.Unit origin=null
      $this: GET_VAR '$this$apply: android.widget.TextView declared in com.example.myapplication.ui.dashboard.DashboardFragment.setupRutasList$lambda$13$lambda$10' type=android.widget.TextView origin=null
      p0: CONST Int type=kotlin.Int value=-16777216
    SET_FIELD 'FIELD IR_EXTERNAL_JAVA_DECLARATION_STUB name:textStyle type:kotlin.Int visibility:public [final,static] declared in android.R.attr' type=kotlin.Unit superQualifierSymbol=android.R.attr origin=EQ
      value: CONST Int type=kotlin.Int value=1
    CALL 'public open fun setLayoutParams (p0: @[FlexibleNullability] android.view.ViewGroup.LayoutParams?): kotlin.Unit [fake_override] declared in android.widget.TextView' type=kotlin.Unit origin=EQ
      $this: GET_VAR '$this$apply: android.widget.TextView declared in com.example.myapplication.ui.dashboard.DashboardFragment.setupRutasList$lambda$13$lambda$10' type=android.widget.TextView origin=null
      p0: CONSTRUCTOR_CALL 'public constructor <init> (p0: kotlin.Int, p1: kotlin.Int, p2: kotlin.Float) declared in android.widget.LinearLayout.LayoutParams' type=android.widget.LinearLayout.LayoutParams origin=null
        p0: CONST Int type=kotlin.Int value=0
        p1: CONST Int type=kotlin.Int value=-2
        p2: CONST Float type=kotlin.Float value=1.0

	at org.jetbrains.kotlin.backend.jvm.codegen.FunctionCodegen.generate(FunctionCodegen.kt:47)
	at org.jetbrains.kotlin.backend.jvm.codegen.IrSourceCompilerForInline.generateLambdaBody(IrSourceCompilerForInline.kt:67)
	at org.jetbrains.kotlin.codegen.inline.ExpressionLambda.generateLambdaBody(LambdaInfo.kt:72)
	at org.jetbrains.kotlin.backend.jvm.codegen.IrInlineCodegen.genValueAndPut(IrInlineCodegen.kt:100)
	at org.jetbrains.kotlin.backend.jvm.codegen.ExpressionCodegen.visitCall$handleParameter(ExpressionCodegen.kt:616)
	at org.jetbrains.kotlin.backend.jvm.codegen.ExpressionCodegen.visitCall(ExpressionCodegen.kt:644)
	at org.jetbrains.kotlin.backend.jvm.codegen.ExpressionCodegen.visitCall(ExpressionCodegen.kt:138)
	at org.jetbrains.kotlin.ir.expressions.IrCall.accept(IrCall.kt:24)
	at org.jetbrains.kotlin.backend.jvm.codegen.ExpressionCodegen.visitVariable(ExpressionCodegen.kt:790)
	at org.jetbrains.kotlin.backend.jvm.codegen.ExpressionCodegen.visitVariable(ExpressionCodegen.kt:138)
	at org.jetbrains.kotlin.ir.declarations.IrVariable.accept(IrVariable.kt:36)
	at org.jetbrains.kotlin.backend.jvm.codegen.ExpressionCodegen.visitStatementContainer(ExpressionCodegen.kt:579)
	at org.jetbrains.kotlin.backend.jvm.codegen.ExpressionCodegen.visitBlockBody(ExpressionCodegen.kt:584)
	at org.jetbrains.kotlin.backend.jvm.codegen.ExpressionCodegen.visitBlockBody(ExpressionCodegen.kt:138)
	at org.jetbrains.kotlin.ir.expressions.IrBlockBody.accept(IrBlockBody.kt:20)
	at org.jetbrains.kotlin.backend.jvm.codegen.ExpressionCodegen.generate(ExpressionCodegen.kt:240)
	at org.jetbrains.kotlin.backend.jvm.codegen.FunctionCodegen.doGenerate(FunctionCodegen.kt:123)
	at org.jetbrains.kotlin.backend.jvm.codegen.FunctionCodegen.generate(FunctionCodegen.kt:44)
	... 68 more
Caused by: java.lang.AssertionError: access of const val: SET_FIELD 'FIELD IR_EXTERNAL_JAVA_DECLARATION_STUB name:textStyle type:kotlin.Int visibility:public [final,static] declared in android.R.attr' type=kotlin.Unit superQualifierSymbol=android.R.attr origin=EQ
  value: CONST Int type=kotlin.Int value=1

	at org.jetbrains.kotlin.backend.jvm.codegen.ExpressionCodegen.visitFieldAccess(ExpressionCodegen.kt:861)
	at org.jetbrains.kotlin.backend.jvm.codegen.ExpressionCodegen.visitFieldAccess(ExpressionCodegen.kt:138)
	at org.jetbrains.kotlin.ir.visitors.IrElementVisitor$DefaultImpls.visitSetField(IrElementVisitor.kt:206)
	at org.jetbrains.kotlin.backend.jvm.codegen.ExpressionCodegen.visitSetField(ExpressionCodegen.kt:908)
	at org.jetbrains.kotlin.backend.jvm.codegen.ExpressionCodegen.visitSetField(ExpressionCodegen.kt:138)
	at org.jetbrains.kotlin.ir.expressions.IrSetField.accept(IrSetField.kt:21)
	at org.jetbrains.kotlin.backend.jvm.codegen.ExpressionCodegen.visitStatementContainer(ExpressionCodegen.kt:579)
	at org.jetbrains.kotlin.backend.jvm.codegen.ExpressionCodegen.visitBlockBody(ExpressionCodegen.kt:584)
	at org.jetbrains.kotlin.backend.jvm.codegen.ExpressionCodegen.visitBlockBody(ExpressionCodegen.kt:138)
	at org.jetbrains.kotlin.ir.expressions.IrBlockBody.accept(IrBlockBody.kt:20)
	at org.jetbrains.kotlin.backend.jvm.codegen.ExpressionCodegen.generate(ExpressionCodegen.kt:240)
	at org.jetbrains.kotlin.backend.jvm.codegen.FunctionCodegen.doGenerate(FunctionCodegen.kt:123)
	at org.jetbrains.kotlin.backend.jvm.codegen.FunctionCodegen.generate(FunctionCodegen.kt:44)
	... 85 more


